  Entry.cpp
     Creating library C:\Users\chris\Documents\git\HelloWorldVST\HelloWorldVST\Debug\HelloWorldVST.lib and object C:\Users\chris\Documents\git\HelloWorldVST\HelloWorldVST\Debug\HelloWorldVST.exp
Entry.obj : error LNK2019: unresolved external symbol "public: __thiscall Steinberg::FUID::FUID(unsigned long,unsigned long,unsigned long,unsigned long)" (??0FUID@Steinberg@@QAE@KKKK@Z) referenced in function "void __cdecl Steinberg::Vst::`dynamic initializer for 'ControllerUid''(void)" (??__EControllerUid@Vst@Steinberg@@YAXXZ)
Entry.obj : error LNK2019: unresolved external symbol "public: class Steinberg::FUID & __thiscall Steinberg::FUID::operator=(class Steinberg::FUID const &)" (??4FUID@Steinberg@@QAEAAV01@ABV01@@Z) referenced in function "public: void __thiscall Steinberg::Vst::Component::setControllerClass(class Steinberg::FUID const &)" (?setControllerClass@Component@Vst@Steinberg@@QAEXABVFUID@3@@Z)
Entry.obj : error LNK2019: unresolved external symbol "public: unsigned long __thiscall Steinberg::FUID::getLong1(void)const " (?getLong1@FUID@Steinberg@@QBEKXZ) referenced in function _GetPluginFactory@0
Entry.obj : error LNK2019: unresolved external symbol "public: unsigned long __thiscall Steinberg::FUID::getLong2(void)const " (?getLong2@FUID@Steinberg@@QBEKXZ) referenced in function _GetPluginFactory@0
Entry.obj : error LNK2019: unresolved external symbol "public: unsigned long __thiscall Steinberg::FUID::getLong3(void)const " (?getLong3@FUID@Steinberg@@QBEKXZ) referenced in function _GetPluginFactory@0
Entry.obj : error LNK2019: unresolved external symbol "public: unsigned long __thiscall Steinberg::FUID::getLong4(void)const " (?getLong4@FUID@Steinberg@@QBEKXZ) referenced in function _GetPluginFactory@0
Entry.obj : error LNK2019: unresolved external symbol "public: virtual long __stdcall Steinberg::FObject::queryInterface(char const * const,void * *)" (?queryInterface@FObject@Steinberg@@UAGJQBDPAPAX@Z) referenced in function "public: virtual long __stdcall Steinberg::Vst::ComponentBase::queryInterface(char const * const,void * *)" (?queryInterface@ComponentBase@Vst@Steinberg@@UAGJQBDPAPAX@Z)
Entry.obj : error LNK2019: unresolved external symbol "public: virtual unsigned long __stdcall Steinberg::FObject::addRef(void)" (?addRef@FObject@Steinberg@@UAGKXZ) referenced in function "public: virtual unsigned long __stdcall Steinberg::Vst::ComponentBase::addRef(void)" (?addRef@ComponentBase@Vst@Steinberg@@UAGKXZ)
Entry.obj : error LNK2019: unresolved external symbol "public: virtual unsigned long __stdcall Steinberg::FObject::release(void)" (?release@FObject@Steinberg@@UAGKXZ) referenced in function "public: virtual unsigned long __stdcall Steinberg::Vst::ComponentBase::release(void)" (?release@ComponentBase@Vst@Steinberg@@UAGKXZ)
Entry.obj : error LNK2001: unresolved external symbol "public: virtual void __thiscall Steinberg::FObject::addDependent(class Steinberg::IDependent *)" (?addDependent@FObject@Steinberg@@UAEXPAVIDependent@2@@Z)
Entry.obj : error LNK2001: unresolved external symbol "public: virtual void __thiscall Steinberg::FObject::removeDependent(class Steinberg::IDependent *)" (?removeDependent@FObject@Steinberg@@UAEXPAVIDependent@2@@Z)
Entry.obj : error LNK2001: unresolved external symbol "public: virtual void __thiscall Steinberg::FObject::changed(long)" (?changed@FObject@Steinberg@@UAEXJ@Z)
Entry.obj : error LNK2001: unresolved external symbol "public: virtual void __thiscall Steinberg::FObject::deferUpdate(long)" (?deferUpdate@FObject@Steinberg@@UAEXJ@Z)
Entry.obj : error LNK2019: unresolved external symbol "public: virtual __thiscall Steinberg::Vst::ComponentBase::~ComponentBase(void)" (??1ComponentBase@Vst@Steinberg@@UAE@XZ) referenced in function "public: virtual __thiscall Steinberg::Vst::Component::~Component(void)" (??1Component@Vst@Steinberg@@UAE@XZ)
Entry.obj : error LNK2019: unresolved external symbol "public: long __thiscall Steinberg::Vst::ComponentBase::sendTextMessage(char const *)" (?sendTextMessage@ComponentBase@Vst@Steinberg@@QAEJPBD@Z) referenced in function "public: virtual long __stdcall Steinberg::Vst::Processor::setActive(unsigned char)" (?setActive@Processor@Vst@Steinberg@@UAGJE@Z)
Entry.obj : error LNK2001: unresolved external symbol "public: virtual long __stdcall Steinberg::Vst::ComponentBase::connect(class Steinberg::Vst::IConnectionPoint *)" (?connect@ComponentBase@Vst@Steinberg@@UAGJPAVIConnectionPoint@23@@Z)
Entry.obj : error LNK2001: unresolved external symbol "public: virtual long __stdcall Steinberg::Vst::ComponentBase::disconnect(class Steinberg::Vst::IConnectionPoint *)" (?disconnect@ComponentBase@Vst@Steinberg@@UAGJPAVIConnectionPoint@23@@Z)
Entry.obj : error LNK2019: unresolved external symbol "public: virtual long __stdcall Steinberg::Vst::ComponentBase::notify(class Steinberg::Vst::IMessage *)" (?notify@ComponentBase@Vst@Steinberg@@UAGJPAVIMessage@23@@Z) referenced in function "public: virtual long __stdcall Steinberg::Vst::Processor::notify(class Steinberg::Vst::IMessage *)" (?notify@Processor@Vst@Steinberg@@UAGJPAVIMessage@23@@Z)
Entry.obj : error LNK2019: unresolved external symbol "public: __thiscall Steinberg::Vst::ParameterContainer::~ParameterContainer(void)" (??1ParameterContainer@Vst@Steinberg@@QAE@XZ) referenced in function "public: virtual __thiscall Steinberg::Vst::EditController::~EditController(void)" (??1EditController@Vst@Steinberg@@UAE@XZ)
Entry.obj : error LNK2019: unresolved external symbol "public: class Steinberg::Vst::Parameter * __thiscall Steinberg::Vst::ParameterContainer::getParameter(unsigned long)" (?getParameter@ParameterContainer@Vst@Steinberg@@QAEPAVParameter@23@K@Z) referenced in function "public: virtual class Steinberg::Vst::Parameter * __thiscall Steinberg::Vst::EditController::getParameterObject(unsigned long)" (?getParameterObject@EditController@Vst@Steinberg@@UAEPAVParameter@23@K@Z)
Entry.obj : error LNK2019: unresolved external symbol "public: __thiscall Steinberg::Vst::EditController::EditController(void)" (??0EditController@Vst@Steinberg@@QAE@XZ) referenced in function "public: __thiscall Steinberg::Vst::Controller::Controller(void)" (??0Controller@Vst@Steinberg@@QAE@XZ)
Entry.obj : error LNK2001: unresolved external symbol "public: virtual long __stdcall Steinberg::Vst::EditController::getParameterCount(void)" (?getParameterCount@EditController@Vst@Steinberg@@UAGJXZ)
Entry.obj : error LNK2001: unresolved external symbol "public: virtual long __stdcall Steinberg::Vst::EditController::getParameterInfo(long,struct Steinberg::Vst::ParameterInfo &)" (?getParameterInfo@EditController@Vst@Steinberg@@UAGJJAAUParameterInfo@23@@Z)
Entry.obj : error LNK2019: unresolved external symbol "public: virtual long __stdcall Steinberg::Vst::EditController::getParamStringByValue(unsigned long,double,wchar_t * const)" (?getParamStringByValue@EditController@Vst@Steinberg@@UAGJKNQA_W@Z) referenced in function "public: virtual long __stdcall Steinberg::Vst::Controller::getParamStringByValue(unsigned long,double,wchar_t * const)" (?getParamStringByValue@Controller@Vst@Steinberg@@UAGJKNQA_W@Z)
Entry.obj : error LNK2019: unresolved external symbol "public: virtual long __stdcall Steinberg::Vst::EditController::getParamValueByString(unsigned long,wchar_t *,double &)" (?getParamValueByString@EditController@Vst@Steinberg@@UAGJKPA_WAAN@Z) referenced in function "public: virtual long __stdcall Steinberg::Vst::Controller::getParamValueByString(unsigned long,wchar_t *,double &)" (?getParamValueByString@Controller@Vst@Steinberg@@UAGJKPA_WAAN@Z)
Entry.obj : error LNK2001: unresolved external symbol "public: virtual double __stdcall Steinberg::Vst::EditController::normalizedParamToPlain(unsigned long,double)" (?normalizedParamToPlain@EditController@Vst@Steinberg@@UAGNKN@Z)
Entry.obj : error LNK2001: unresolved external symbol "public: virtual double __stdcall Steinberg::Vst::EditController::plainParamToNormalized(unsigned long,double)" (?plainParamToNormalized@EditController@Vst@Steinberg@@UAGNKN@Z)
Entry.obj : error LNK2001: unresolved external symbol "public: virtual double __stdcall Steinberg::Vst::EditController::getParamNormalized(unsigned long)" (?getParamNormalized@EditController@Vst@Steinberg@@UAGNK@Z)
Entry.obj : error LNK2019: unresolved external symbol "public: virtual long __stdcall Steinberg::Vst::EditController::setParamNormalized(unsigned long,double)" (?setParamNormalized@EditController@Vst@Steinberg@@UAGJKN@Z) referenced in function "public: virtual long __stdcall Steinberg::Vst::Controller::setParamNormalized(unsigned long,double)" (?setParamNormalized@Controller@Vst@Steinberg@@UAGJKN@Z)
Entry.obj : error LNK2001: unresolved external symbol "public: virtual long __stdcall Steinberg::Vst::EditController::setComponentHandler(class Steinberg::Vst::IComponentHandler *)" (?setComponentHandler@EditController@Vst@Steinberg@@UAGJPAVIComponentHandler@23@@Z)
Entry.obj : error LNK2019: unresolved external symbol "public: virtual long __stdcall Steinberg::Vst::EditController::initialize(class Steinberg::FUnknown *)" (?initialize@EditController@Vst@Steinberg@@UAGJPAVFUnknown@3@@Z) referenced in function "public: virtual long __stdcall Steinberg::Vst::Controller::initialize(class Steinberg::FUnknown *)" (?initialize@Controller@Vst@Steinberg@@UAGJPAVFUnknown@3@@Z)
Entry.obj : error LNK2019: unresolved external symbol "public: virtual long __stdcall Steinberg::Vst::EditController::terminate(void)" (?terminate@EditController@Vst@Steinberg@@UAGJXZ) referenced in function "public: virtual long __stdcall Steinberg::Vst::Controller::terminate(void)" (?terminate@Controller@Vst@Steinberg@@UAGJXZ)
Entry.obj : error LNK2001: unresolved external symbol "public: virtual long __thiscall Steinberg::Vst::EditController::beginEdit(unsigned long)" (?beginEdit@EditController@Vst@Steinberg@@UAEJK@Z)
Entry.obj : error LNK2001: unresolved external symbol "public: virtual long __thiscall Steinberg::Vst::EditController::performEdit(unsigned long,double)" (?performEdit@EditController@Vst@Steinberg@@UAEJKN@Z)
Entry.obj : error LNK2001: unresolved external symbol "public: virtual long __thiscall Steinberg::Vst::EditController::endEdit(unsigned long)" (?endEdit@EditController@Vst@Steinberg@@UAEJK@Z)
Entry.obj : error LNK2001: unresolved external symbol "public: virtual long __thiscall Steinberg::Vst::EditController::startGroupEdit(void)" (?startGroupEdit@EditController@Vst@Steinberg@@UAEJXZ)
Entry.obj : error LNK2001: unresolved external symbol "public: virtual long __thiscall Steinberg::Vst::EditController::finishGroupEdit(void)" (?finishGroupEdit@EditController@Vst@Steinberg@@UAEJXZ)
Entry.obj : error LNK2001: unresolved external symbol "public: virtual long __thiscall Steinberg::Vst::EditController::getParameterInfoByTag(unsigned long,struct Steinberg::Vst::ParameterInfo &)" (?getParameterInfoByTag@EditController@Vst@Steinberg@@UAEJKAAUParameterInfo@23@@Z)
Entry.obj : error LNK2001: unresolved external symbol "public: virtual long __thiscall Steinberg::Vst::EditController::setDirty(unsigned char)" (?setDirty@EditController@Vst@Steinberg@@UAEJE@Z)
Entry.obj : error LNK2001: unresolved external symbol "public: virtual long __thiscall Steinberg::Vst::EditController::requestOpenEditor(char const *)" (?requestOpenEditor@EditController@Vst@Steinberg@@UAEJPBD@Z)
Entry.obj : error LNK2019: unresolved external symbol "public: __thiscall VSTGUI::VST3Editor::VST3Editor(class Steinberg::Vst::EditController *,char const *,char const *)" (??0VST3Editor@VSTGUI@@QAE@PAVEditController@Vst@Steinberg@@PBD1@Z) referenced in function "public: virtual class Steinberg::IPlugView * __stdcall Steinberg::Vst::Controller::createView(char const *)" (?createView@Controller@Vst@Steinberg@@UAGPAVIPlugView@3@PBD@Z)
Entry.obj : error LNK2019: unresolved external symbol "public: __thiscall Steinberg::IBStreamer::IBStreamer(class Steinberg::IBStream *,short)" (??0IBStreamer@Steinberg@@QAE@PAVIBStream@1@F@Z) referenced in function "public: virtual long __stdcall Steinberg::Vst::Controller::getState(class Steinberg::IBStream *)" (?getState@Controller@Vst@Steinberg@@UAGJPAVIBStream@3@@Z)
Entry.obj : error LNK2001: unresolved external symbol "public: virtual long __stdcall Steinberg::Vst::Component::getControllerClassId(char * const)" (?getControllerClassId@Component@Vst@Steinberg@@UAGJQAD@Z)
Entry.obj : error LNK2001: unresolved external symbol "public: virtual long __stdcall Steinberg::Vst::Component::setIoMode(long)" (?setIoMode@Component@Vst@Steinberg@@UAGJJ@Z)
Entry.obj : error LNK2001: unresolved external symbol "public: virtual long __stdcall Steinberg::Vst::Component::getBusCount(long,long)" (?getBusCount@Component@Vst@Steinberg@@UAGJJJ@Z)
Entry.obj : error LNK2001: unresolved external symbol "public: virtual long __stdcall Steinberg::Vst::Component::getBusInfo(long,long,long,struct Steinberg::Vst::BusInfo &)" (?getBusInfo@Component@Vst@Steinberg@@UAGJJJJAAUBusInfo@23@@Z)
Entry.obj : error LNK2001: unresolved external symbol "public: virtual long __stdcall Steinberg::Vst::Component::getRoutingInfo(struct Steinberg::Vst::RoutingInfo &,struct Steinberg::Vst::RoutingInfo &)" (?getRoutingInfo@Component@Vst@Steinberg@@UAGJAAURoutingInfo@23@0@Z)
Entry.obj : error LNK2001: unresolved external symbol "public: virtual long __stdcall Steinberg::Vst::Component::activateBus(long,long,long,unsigned char)" (?activateBus@Component@Vst@Steinberg@@UAGJJJJE@Z)
Entry.obj : error LNK2019: unresolved external symbol "public: virtual long __stdcall Steinberg::Vst::Component::setActive(unsigned char)" (?setActive@Component@Vst@Steinberg@@UAGJE@Z) referenced in function "public: virtual long __stdcall Steinberg::Vst::Processor::setActive(unsigned char)" (?setActive@Processor@Vst@Steinberg@@UAGJE@Z)
Entry.obj : error LNK2019: unresolved external symbol "public: virtual long __stdcall Steinberg::Vst::Component::initialize(class Steinberg::FUnknown *)" (?initialize@Component@Vst@Steinberg@@UAGJPAVFUnknown@3@@Z) referenced in function "public: virtual long __stdcall Steinberg::Vst::Processor::initialize(class Steinberg::FUnknown *)" (?initialize@Processor@Vst@Steinberg@@UAGJPAVFUnknown@3@@Z)
Entry.obj : error LNK2019: unresolved external symbol "public: virtual long __stdcall Steinberg::Vst::Component::terminate(void)" (?terminate@Component@Vst@Steinberg@@UAGJXZ) referenced in function "public: virtual long __stdcall Steinberg::Vst::Processor::terminate(void)" (?terminate@Processor@Vst@Steinberg@@UAGJXZ)
Entry.obj : error LNK2019: unresolved external symbol "public: __thiscall Steinberg::Vst::AudioEffect::AudioEffect(void)" (??0AudioEffect@Vst@Steinberg@@QAE@XZ) referenced in function "public: __thiscall Steinberg::Vst::Processor::Processor(void)" (??0Processor@Vst@Steinberg@@QAE@XZ)
Entry.obj : error LNK2019: unresolved external symbol "public: class Steinberg::Vst::AudioBus * __thiscall Steinberg::Vst::AudioEffect::addAudioOutput(wchar_t const *,unsigned __int64,long,long)" (?addAudioOutput@AudioEffect@Vst@Steinberg@@QAEPAVAudioBus@23@PB_W_KJJ@Z) referenced in function "public: virtual long __stdcall Steinberg::Vst::Processor::initialize(class Steinberg::FUnknown *)" (?initialize@Processor@Vst@Steinberg@@UAGJPAVFUnknown@3@@Z)
Entry.obj : error LNK2001: unresolved external symbol "public: virtual long __stdcall Steinberg::Vst::AudioEffect::getBusArrangement(long,long,unsigned __int64 &)" (?getBusArrangement@AudioEffect@Vst@Steinberg@@UAGJJJAA_K@Z)
Entry.obj : error LNK2019: unresolved external symbol "public: virtual long __stdcall Steinberg::Vst::AudioEffect::setupProcessing(struct Steinberg::Vst::ProcessSetup &)" (?setupProcessing@AudioEffect@Vst@Steinberg@@UAGJAAUProcessSetup@23@@Z) referenced in function "public: virtual long __stdcall Steinberg::Vst::Processor::setupProcessing(struct Steinberg::Vst::ProcessSetup &)" (?setupProcessing@Processor@Vst@Steinberg@@UAGJAAUProcessSetup@23@@Z)
Entry.obj : error LNK2001: unresolved external symbol "public: virtual long __stdcall Steinberg::Vst::AudioEffect::setProcessing(unsigned char)" (?setProcessing@AudioEffect@Vst@Steinberg@@UAGJE@Z)
Entry.obj : error LNK2019: unresolved external symbol "public: __thiscall Steinberg::CPluginFactory::CPluginFactory(struct Steinberg::PFactoryInfo const &)" (??0CPluginFactory@Steinberg@@QAE@ABUPFactoryInfo@1@@Z) referenced in function _GetPluginFactory@0
Entry.obj : error LNK2019: unresolved external symbol "public: bool __thiscall Steinberg::CPluginFactory::registerClass(struct Steinberg::PClassInfo2 const *,class Steinberg::FUnknown * (__cdecl*)(void *),void *)" (?registerClass@CPluginFactory@Steinberg@@QAE_NPBUPClassInfo2@2@P6APAVFUnknown@2@PAX@Z1@Z) referenced in function _GetPluginFactory@0
Entry.obj : error LNK2001: unresolved external symbol "public: static class Steinberg::FUID const Steinberg::IPluginBase::iid" (?iid@IPluginBase@Steinberg@@2VFUID@2@B)
Entry.obj : error LNK2001: unresolved external symbol "public: static class Steinberg::FUID const Steinberg::Vst::IConnectionPoint::iid" (?iid@IConnectionPoint@Vst@Steinberg@@2VFUID@3@B)
Entry.obj : error LNK2001: unresolved external symbol "public: static class Steinberg::FUID const Steinberg::Vst::IEditController::iid" (?iid@IEditController@Vst@Steinberg@@2VFUID@3@B)
Entry.obj : error LNK2001: unresolved external symbol "public: static class Steinberg::FUID const Steinberg::Vst::IEditController2::iid" (?iid@IEditController2@Vst@Steinberg@@2VFUID@3@B)
Entry.obj : error LNK2001: unresolved external symbol "protected: static long Steinberg::Vst::EditController::hostKnobMode" (?hostKnobMode@EditController@Vst@Steinberg@@1JA)
Entry.obj : error LNK2001: unresolved external symbol "public: static class Steinberg::FUID const Steinberg::Vst::IComponent::iid" (?iid@IComponent@Vst@Steinberg@@2VFUID@3@B)
Entry.obj : error LNK2001: unresolved external symbol "public: static class Steinberg::FUID const Steinberg::Vst::IAudioProcessor::iid" (?iid@IAudioProcessor@Vst@Steinberg@@2VFUID@3@B)
Entry.obj : error LNK2001: unresolved external symbol "class Steinberg::CPluginFactory * Steinberg::gPluginFactory" (?gPluginFactory@Steinberg@@3PAVCPluginFactory@1@A)
C:\Users\chris\Documents\git\HelloWorldVST\HelloWorldVST\Debug\HelloWorldVST.vst3 : fatal error LNK1120: 66 unresolved externals
